[debug] [2023-09-22T17:12:18.051Z] ----------------------------------------------------------------------
[debug] [2023-09-22T17:12:18.053Z] Command:       C:\Program Files\nodejs\node.exe C:\Users\gupta\AppData\Roaming\npm\node_modules\firebase-tools\lib\bin\firebase.js init
[debug] [2023-09-22T17:12:18.053Z] CLI Version:   12.5.4
[debug] [2023-09-22T17:12:18.053Z] Platform:      win32
[debug] [2023-09-22T17:12:18.053Z] Node Version:  v18.14.0
[debug] [2023-09-22T17:12:18.054Z] Time:          Fri Sep 22 2023 22:42:18 GMT+0530 (India Standard Time)
[debug] [2023-09-22T17:12:18.054Z] ----------------------------------------------------------------------
[debug] 
[debug] [2023-09-22T17:12:18.125Z] > command requires scopes: ["email","openid","https://www.googleapis.com/auth/cloudplatformprojects.readonly","https://www.googleapis.com/auth/firebase","https://www.googleapis.com/auth/cloud-platform"]
[debug] [2023-09-22T17:12:18.125Z] > authorizing via signed-in user (guptaraghav122@gmail.com)
[info] 
     ######## #### ########  ######## ########     ###     ######  ########
     ##        ##  ##     ## ##       ##     ##  ##   ##  ##       ##
     ######    ##  ########  ######   ########  #########  ######  ######
     ##        ##  ##    ##  ##       ##     ## ##     ##       ## ##
     ##       #### ##     ## ######## ########  ##     ##  ######  ########

You're about to initialize a Firebase project in this directory:

  D:\expense-tracker-firebase-react

Before we get started, keep in mind:

  * You are initializing within an existing Firebase project directory

[debug] [2023-09-22T17:14:04.280Z] ----------------------------------------------------------------------
[debug] [2023-09-22T17:14:04.282Z] Command:       C:\Program Files\nodejs\node.exe C:\Users\gupta\AppData\Roaming\npm\node_modules\firebase-tools\lib\bin\firebase.js deploy
[debug] [2023-09-22T17:14:04.283Z] CLI Version:   12.5.4
[debug] [2023-09-22T17:14:04.283Z] Platform:      win32
[debug] [2023-09-22T17:14:04.283Z] Node Version:  v18.14.0
[debug] [2023-09-22T17:14:04.284Z] Time:          Fri Sep 22 2023 22:44:04 GMT+0530 (India Standard Time)
[debug] [2023-09-22T17:14:04.284Z] ----------------------------------------------------------------------
[debug] 
[debug] [2023-09-22T17:14:04.359Z] > command requires scopes: ["email","openid","https://www.googleapis.com/auth/cloudplatformprojects.readonly","https://www.googleapis.com/auth/firebase","https://www.googleapis.com/auth/cloud-platform"]
[debug] [2023-09-22T17:14:04.360Z] > authorizing via signed-in user (guptaraghav122@gmail.com)
[debug] [2023-09-22T17:14:04.360Z] [iam] checking project expense-tracker-d14e8 for permissions ["firebase.projects.get","firebasehosting.sites.update"]
[debug] [2023-09-22T17:14:04.362Z] >>> [apiv2][query] POST https://cloudresourcemanager.googleapis.com/v1/projects/expense-tracker-d14e8:testIamPermissions [none]
[debug] [2023-09-22T17:14:04.362Z] >>> [apiv2][(partial)header] POST https://cloudresourcemanager.googleapis.com/v1/projects/expense-tracker-d14e8:testIamPermissions x-goog-quota-user=projects/expense-tracker-d14e8
[debug] [2023-09-22T17:14:04.362Z] >>> [apiv2][body] POST https://cloudresourcemanager.googleapis.com/v1/projects/expense-tracker-d14e8:testIamPermissions {"permissions":["firebase.projects.get","firebasehosting.sites.update"]}
[debug] [2023-09-22T17:14:06.617Z] <<< [apiv2][status] POST https://cloudresourcemanager.googleapis.com/v1/projects/expense-tracker-d14e8:testIamPermissions 200
[debug] [2023-09-22T17:14:06.618Z] <<< [apiv2][body] POST https://cloudresourcemanager.googleapis.com/v1/projects/expense-tracker-d14e8:testIamPermissions {}
[debug] [2023-09-22T17:14:06.619Z] [iam] error while checking permissions, command may fail: FirebaseError: Authorization failed. This account is missing the following required permissions on project expense-tracker-d14e8:

  firebase.projects.get
  firebasehosting.sites.update
[debug] [2023-09-22T17:14:06.621Z] >>> [apiv2][query] GET https://firebase.googleapis.com/v1beta1/projects/expense-tracker-d14e8 [none]
[debug] [2023-09-22T17:14:07.656Z] <<< [apiv2][status] GET https://firebase.googleapis.com/v1beta1/projects/expense-tracker-d14e8 403
[debug] [2023-09-22T17:14:07.657Z] <<< [apiv2][body] GET https://firebase.googleapis.com/v1beta1/projects/expense-tracker-d14e8 {"error":{"code":403,"message":"The caller does not have permission","status":"PERMISSION_DENIED"}}
[debug] [2023-09-22T17:14:07.659Z] HTTP Error: 403, The caller does not have permission
[debug] [2023-09-22T17:14:08.207Z] FirebaseError: HTTP Error: 403, The caller does not have permission
    at responseToError (C:\Users\gupta\AppData\Roaming\npm\node_modules\firebase-tools\lib\responseToError.js:49:12)
    at RetryOperation._fn (C:\Users\gupta\AppData\Roaming\npm\node_modules\firebase-tools\lib\apiv2.js:285:77)
    at process.processTicksAndRejections (node:internal/process/task_queues:95:5)
[error] 
[error] Error: Failed to get Firebase project expense-tracker-d14e8. Please make sure the project exists and your account has permission to access it.
